2025-10-17 17:08:30,882 - INFO - Connected to LinkUp/institutes
2025-10-17 17:08:31,125 - ERROR - Data retrieval failed: 2 validation errors for InstituteModel
id
  Field required [type=missing, input_value={'_id': '68f1e4849ea35441... for testing purposes.'}, input_type=dict]
    For further information visit https://errors.pydantic.dev/2.12/v/missing
role_id
  Input should be a valid string [type=string_type, input_value=123456789012345678, input_type=Int64]
    For further information visit https://errors.pydantic.dev/2.12/v/string_type
2025-10-17 17:09:42,725 - INFO - Connected to LinkUp/institutes
2025-10-17 17:09:42,923 - ERROR - Data retrieval failed: 2 validation errors for InstituteModel
id
  Field required [type=missing, input_value={'_id': '68f1e4849ea35441... for testing purposes.'}, input_type=dict]
    For further information visit https://errors.pydantic.dev/2.12/v/missing
role_id
  Input should be a valid string [type=string_type, input_value=123456789012345678, input_type=Int64]
    For further information visit https://errors.pydantic.dev/2.12/v/string_type
2025-10-17 17:10:10,044 - INFO - Connected to LinkUp/institutes
2025-10-17 17:10:11,896 - ERROR - Data retrieval failed: 1 validation error for InstituteModel
role_id
  Input should be a valid string [type=string_type, input_value=123456789012345678, input_type=Int64]
    For further information visit https://errors.pydantic.dev/2.12/v/string_type
2025-10-17 17:11:34,910 - INFO - Connected to LinkUp/institutes
2025-10-17 17:11:35,104 - INFO - Fetched collection data, total records: 1
